c:\users\jack\documents\github\client\client_generic\msvc\debugmdx64\vc143.pdb
c:\users\jack\documents\github\client\client_generic\msvc\debugmdx64\md5.obj
c:\users\jack\documents\github\client\client_generic\msvc\debugmdx64\alignedbuffer.obj
c:\users\jack\documents\github\client\client_generic\msvc\debugmdx64\main.obj
c:\users\jack\documents\github\client\client_generic\msvc\debugmdx64\displayoutput.obj
c:\users\jack\documents\github\client\client_generic\msvc\debugmdx64\networking.obj
c:\users\jack\documents\github\client\client_generic\msvc\debugmdx64\contentdownloader.obj
c:\users\jack\documents\github\client\client_generic\msvc\debugmdx64\shaderd3d12.obj
c:\users\jack\documents\github\client\client_generic\msvc\debugmdx64\textureflatd3d12.obj
c:\users\jack\documents\github\client\client_generic\msvc\debugmdx64\shader.obj
c:\users\jack\documents\github\client\client_generic\msvc\debugmdx64\shepherd.obj
c:\users\jack\documents\github\client\client_generic\msvc\debugmdx64\edreamclient.obj
c:\users\jack\documents\github\client\client_generic\msvc\debugmdx64\upload.obj
c:\users\jack\documents\github\client\client_generic\msvc\debugmdx64\clip.obj
c:\users\jack\documents\github\client\client_generic\msvc\debugmdx64\msvc_fix.obj
c:\users\jack\documents\github\client\client_generic\msvc\debugmdx64\player.obj
c:\users\jack\documents\github\client\client_generic\msvc\debugmdx64\textureflat.obj
c:\users\jack\documents\github\client\client_generic\msvc\debugmdx64\dream.obj
c:\users\jack\documents\github\client\client_generic\msvc\debugmdx64\hud.obj
c:\users\jack\documents\github\client\client_generic\msvc\debugmdx64\platformutils_win.obj
c:\users\jack\documents\github\client\client_generic\msvc\debugmdx64\font.obj
c:\users\jack\documents\github\client\client_generic\msvc\debugmdx64\storage.obj
c:\users\jack\documents\github\client\client_generic\msvc\debugmdx64\common.obj
c:\users\jack\documents\github\client\client_generic\msvc\debugmdx64\displayd3d12.obj
c:\users\jack\documents\github\client\client_generic\msvc\debugmdx64\renderer.obj
c:\users\jack\documents\github\client\client_generic\msvc\debugmdx64\exception.obj
c:\users\jack\documents\github\client\client_generic\msvc\debugmdx64\deviceresources.obj
c:\users\jack\documents\github\client\client_generic\msvc\debugmdx64\image.obj
c:\users\jack\documents\github\client\client_generic\msvc\debugmdx64\download.obj
c:\users\jack\documents\github\client\client_generic\msvc\debugmdx64\stringformat.obj
c:\users\jack\documents\github\client\client_generic\msvc\debugmdx64\pool.obj
c:\users\jack\documents\github\client\client_generic\msvc\debugmdx64\contentdecoder.obj
c:\users\jack\documents\github\client\client_generic\msvc\debugmdx64\jsonstorage.obj
c:\users\jack\documents\github\client\client_generic\msvc\debugmdx64\loadpng.obj
c:\users\jack\documents\github\client\client_generic\msvc\debugmdx64\rect.obj
c:\users\jack\documents\github\client\client_generic\msvc\debugmdx64\log.obj
c:\users\jack\documents\github\client\client_generic\msvc\debugmdx64\rendererd3d12.obj
c:\users\jack\documents\github\client\client_generic\msvc\debugmdx64\loaddds.obj
c:\users\jack\documents\github\client\client_generic\msvc\debugmdx64\sheepdownloader.obj
c:\users\jack\documents\github\client\client_generic\msvc\debugmdx64\voting.obj
c:\users\jack\documents\github\client\client_generic\msvc\debugmdx64\texture.obj
c:\users\jack\documents\github\client\client_generic\msvc\debugmdx64\microsoft\stl\std.compat.ixx.ifc
c:\users\jack\documents\github\client\client_generic\msvc\debugmdx64\microsoft\stl\std.compat.ixx.ifc.d.json
c:\users\jack\documents\github\client\client_generic\msvc\debugmdx64\microsoft\stl\std.compat.ixx.obj
c:\users\jack\documents\github\client\client_generic\msvc\debugmdx64\microsoft\stl\std.ixx.ifc
c:\users\jack\documents\github\client\client_generic\msvc\debugmdx64\microsoft\stl\std.ixx.ifc.d.json
c:\users\jack\documents\github\client\client_generic\msvc\debugmdx64\microsoft\stl\std.ixx.obj
c:\users\jack\documents\github\client\client_generic\msvc\debugmd\avcodec-60.dll
c:\users\jack\documents\github\client\client_generic\msvc\debugmd\swresample-4.dll
c:\users\jack\documents\github\client\client_generic\msvc\debugmd\avutil-58.dll
c:\users\jack\documents\github\client\client_generic\msvc\debugmd\avformat-60.dll
c:\users\jack\documents\github\client\client_generic\msvc\debugmd\swscale-7.dll
c:\users\jack\documents\github\client\client_generic\msvc\debugmd\boost_filesystem-vc143-mt-x64-1_85.dll
c:\users\jack\documents\github\client\client_generic\msvc\debugmd\boost_json-vc143-mt-x64-1_85.dll
c:\users\jack\documents\github\client\client_generic\msvc\debugmd\boost_log-vc143-mt-x64-1_85.dll
c:\users\jack\documents\github\client\client_generic\msvc\debugmd\boost_thread-vc143-mt-x64-1_85.dll
c:\users\jack\documents\github\client\client_generic\msvc\debugmd\boost_log_setup-vc143-mt-x64-1_85.dll
c:\users\jack\documents\github\client\client_generic\msvc\debugmd\libcrypto-3-x64.dll
c:\users\jack\documents\github\client\client_generic\msvc\debugmd\libcurl.dll
c:\users\jack\documents\github\client\client_generic\msvc\debugmd\zlib1.dll
c:\users\jack\documents\github\client\client_generic\msvc\debugmd\libpng16.dll
c:\users\jack\documents\github\client\client_generic\msvc\debugmd\e-dream.exe
c:\users\jack\documents\github\client\client_generic\msvc\debugmd\e-dream.pdb
c:\users\jack\documents\github\client\client_generic\msvc\es.map
c:\users\jack\documents\github\client\client_generic\msvc\debugmdx64\sheepicon.res
c:\users\jack\documents\github\client\client_generic\msvc\debugmdx64\microsoft\stl\std.ixx.module.json
c:\users\jack\documents\github\client\client_generic\msvc\debugmdx64\microsoft\stl\std.compat.ixx.module.json
c:\users\jack\documents\github\client\client_generic\msvc\debugmdx64\e-dream.tlog\cl.command.1.tlog
c:\users\jack\documents\github\client\client_generic\msvc\debugmdx64\e-dream.tlog\cl.items.tlog
c:\users\jack\documents\github\client\client_generic\msvc\debugmdx64\e-dream.tlog\cl.read.1.tlog
c:\users\jack\documents\github\client\client_generic\msvc\debugmdx64\e-dream.tlog\cl.write.1.tlog
c:\users\jack\documents\github\client\client_generic\msvc\debugmdx64\e-dream.tlog\e-dream.write.1u.tlog
c:\users\jack\documents\github\client\client_generic\msvc\debugmdx64\e-dream.tlog\link.command.1.tlog
c:\users\jack\documents\github\client\client_generic\msvc\debugmdx64\e-dream.tlog\link.read.1.tlog
c:\users\jack\documents\github\client\client_generic\msvc\debugmdx64\e-dream.tlog\link.secondary.1.tlog
c:\users\jack\documents\github\client\client_generic\msvc\debugmdx64\e-dream.tlog\link.write.1.tlog
c:\users\jack\documents\github\client\client_generic\msvc\debugmdx64\e-dream.tlog\rc.command.1.tlog
c:\users\jack\documents\github\client\client_generic\msvc\debugmdx64\e-dream.tlog\rc.read.1.tlog
c:\users\jack\documents\github\client\client_generic\msvc\debugmdx64\e-dream.tlog\rc.write.1.tlog
c:\users\jack\documents\github\client\client_generic\msvc\debugmdx64\e-dream_md.tlog\cl.command.1.tlog
c:\users\jack\documents\github\client\client_generic\msvc\debugmdx64\e-dream_md.tlog\microsoft.build.cpptasks.cl.read.1.tlog
c:\users\jack\documents\github\client\client_generic\msvc\debugmdx64\e-dream_md.tlog\microsoft.build.cpptasks.cl.write.1.tlog
