  Un sous-répertoire ou un fichier ..\runtimemsvc\scripts existe déjà.
  Un sous-répertoire ou un fichier ..\runtimemsvc\scripts\dictionary existe déjà.
  Un sous-répertoire ou un fichier ..\runtimemsvc\scripts\logging existe déjà.
  Le chemin d'accès spécifié est introuvable.
  Le chemin d'accès spécifié est introuvable.
  Le chemin d'accès spécifié est introuvable.
  Le fichier spécifié est introuvable.
  Le fichier spécifié est introuvable.
  Le fichier spécifié est introuvable.
  Le fichier spécifié est introuvable.
  Le fichier spécifié est introuvable.
  Le fichier spécifié est introuvable.
  Le fichier spécifié est introuvable.
  ..\runtime\e-dream-attr.png
  ..\runtime\logo.png
  ..\runtime\osd-back.png
  ..\runtime\osd-back10.png
  ..\runtime\osd-bg-700.png
  ..\runtime\osd-bg-sq.png
  ..\runtime\osd-brightness.png
  ..\runtime\osd-forward.png
  ..\runtime\osd-forward10.png
  ..\runtime\osd-pause.png
  ..\runtime\osd-pill-b.png
  ..\runtime\osd-pill-r.png
  ..\runtime\osd-pill-u.png
  ..\runtime\osd-pill.png
  ..\runtime\osd-play.png
  ..\runtime\osd-speed.png
  ..\runtime\vote-down.png
  ..\runtime\vote-up.png
         18 fichier(s) copié(s).
          1 fichier(s) copié(s).
  Scanning sources for module dependencies...
  DisplayD3D12.cpp
  RendererD3D12.cpp
  TextureFlatD3D12.cpp
  Player.cpp
c:\local\boost_1_85_0\boost\bind.hpp(41): message : The practice of declaring the Bind placeholders (_1, _2, ...) in the global namespace is deprecated. Please use <boost/bind/bind.hpp> + using namespace boost::placeholders, or define BOOST_BIND_GLOBAL_PLACEHOLDERS to retain the current behavior.
C:\Users\Jack\Documents\GitHub\client\client_generic\DisplayOutput\D3D12\TextureFlatD3D12.h(3,34): error C2504: 'CTextureFlat': base class undefined
C:\Users\Jack\Documents\GitHub\client\client_generic\Client\FrameDisplay.h(67,44): warning C4244: 'argument': conversion from 'const uint32_t' to 'float', possible loss of data
C:\Users\Jack\Documents\GitHub\client\client_generic\Client\FrameDisplay.h(67,40): warning C4244: 'argument': conversion from 'const uint32_t' to 'float', possible loss of data
c:\local\boost_1_85_0\boost\bind.hpp(41): message : The practice of declaring the Bind placeholders (_1, _2, ...) in the global namespace is deprecated. Please use <boost/bind/bind.hpp> + using namespace boost::placeholders, or define BOOST_BIND_GLOBAL_PLACEHOLDERS to retain the current behavior.
C:\Users\Jack\Documents\GitHub\client\client_generic\Client\FrameDisplay.h(67,44): warning C4244: 'argument': conversion from 'const uint32_t' to 'float', possible loss of data
C:\Users\Jack\Documents\GitHub\client\client_generic\Client\FrameDisplay.h(67,40): warning C4244: 'argument': conversion from 'const uint32_t' to 'float', possible loss of data
C:\Users\Jack\Documents\GitHub\client\client_generic\Client\Player.cpp(663,50): warning C4244: 'argument': conversion from 'double' to 'float', possible loss of data
C:\Users\Jack\Documents\GitHub\client\client_generic\Client\OSD.hpp(240,55): warning C4244: '=': conversion from 'double' to 'float', possible loss of data
C:\Program Files\Microsoft Visual Studio\2022\Preview\VC\Tools\MSVC\14.40.33807\include\xutility(374,75): warning C4267: 'argument': conversion from 'size_t' to 'uint32_t', possible loss of data
C:\Program Files\Microsoft Visual Studio\2022\Preview\VC\Tools\MSVC\14.40.33807\include\xutility(388,82): warning C4267: 'argument': conversion from 'size_t' to 'uint32_t', possible loss of data
C:\Program Files\Microsoft Visual Studio\2022\Preview\VC\Tools\MSVC\14.40.33807\include\xutility(375,90): warning C4267: 'argument': conversion from 'size_t' to 'uint32_t', possible loss of data
C:\Users\Jack\Documents\GitHub\client\client_generic\Client\client.h(67,34): warning C4244: 'return': conversion from 'double' to 'float', possible loss of data
C:\Users\Jack\Documents\GitHub\client\client_generic\Client\client.h(1080,51): warning C4129: '%': unrecognized character escape sequence
C:\Users\Jack\Documents\GitHub\client\client_generic\DisplayOutput\D3D12\DisplayD3D12.cpp(359,27): error C2065: 'm_width': undeclared identifier
C:\Users\Jack\Documents\GitHub\client\client_generic\DisplayOutput\D3D12\DisplayD3D12.cpp(360,28): error C2065: 'm_height': undeclared identifier
C:\Users\Jack\Documents\GitHub\client\client_generic\DisplayOutput\D3D12\DisplayD3D12.cpp(370,9): error C2653: 'Win32Application': is not a class or namespace name
C:\Users\Jack\Documents\GitHub\client\client_generic\DisplayOutput\D3D12\DisplayD3D12.cpp(370,27): error C3861: 'GetHwnd': identifier not found
C:\Users\Jack\Documents\GitHub\client\client_generic\DisplayOutput\D3D12\DisplayD3D12.cpp(374,50): error C2653: 'Win32Application': is not a class or namespace name
C:\Users\Jack\Documents\GitHub\client\client_generic\DisplayOutput\D3D12\DisplayD3D12.cpp(374,68): error C3861: 'GetHwnd': identifier not found
C:\Users\Jack\Documents\GitHub\client\client_generic\DisplayOutput\D3D12\DisplayD3D12.cpp(378,5): error C2065: 'm_frameIndex': undeclared identifier
C:\Program Files\Microsoft Visual Studio\2022\Preview\VC\Tools\MSVC\14.40.33807\include\xutility(374,75): warning C4267: 'argument': conversion from 'size_t' to 'uint32_t', possible loss of data
C:\Program Files\Microsoft Visual Studio\2022\Preview\VC\Tools\MSVC\14.40.33807\include\xutility(388,82): warning C4267: 'argument': conversion from 'size_t' to 'uint32_t', possible loss of data
C:\Program Files\Microsoft Visual Studio\2022\Preview\VC\Tools\MSVC\14.40.33807\include\xutility(375,90): warning C4267: 'argument': conversion from 'size_t' to 'uint32_t', possible loss of data
