c:\users\jack\documents\github\client\client_generic\msvc\releasex64\vc143.pdb
c:\users\jack\documents\github\client\client_generic\msvc\releasex64\md5.obj
c:\users\jack\documents\github\client\client_generic\msvc\releasex64\shepherd.obj
c:\users\jack\documents\github\client\client_generic\msvc\releasex64\edreamclient.obj
c:\users\jack\documents\github\client\client_generic\msvc\releasex64\stringformat.obj
c:\users\jack\documents\github\client\client_generic\msvc\releasex64\pool.obj
c:\users\jack\documents\github\client\client_generic\msvc\releasex64\contentdecoder.obj
c:\users\jack\documents\github\client\client_generic\msvc\releasex64\jsonstorage.obj
c:\users\jack\documents\github\client\client_generic\msvc\releasex64\texture.obj
c:\users\jack\documents\github\client\client_generic\msvc\releasex64\alignedbuffer.obj
c:\users\jack\documents\github\client\client_generic\msvc\releasex64\rendererdx.obj
c:\users\jack\documents\github\client\client_generic\msvc\releasex64\loadpng.obj
c:\users\jack\documents\github\client\client_generic\msvc\releasex64\storage.obj
c:\users\jack\documents\github\client\client_generic\msvc\releasex64\contentdownloader.obj
c:\users\jack\documents\github\client\client_generic\msvc\releasex64\shaderdx.obj
c:\users\jack\documents\github\client\client_generic\msvc\releasex64\renderer.obj
c:\users\jack\documents\github\client\client_generic\msvc\releasex64\exception.obj
c:\users\jack\documents\github\client\client_generic\msvc\releasex64\main.obj
c:\users\jack\documents\github\client\client_generic\msvc\releasex64\image.obj
c:\users\jack\documents\github\client\client_generic\msvc\releasex64\common.obj
c:\users\jack\documents\github\client\client_generic\msvc\releasex64\displaydx.obj
c:\users\jack\documents\github\client\client_generic\msvc\releasex64\displayoutput.obj
c:\users\jack\documents\github\client\client_generic\msvc\releasex64\font.obj
c:\users\jack\documents\github\client\client_generic\msvc\releasex64\textureflat.obj
c:\users\jack\documents\github\client\client_generic\msvc\releasex64\clip.obj
c:\users\jack\documents\github\client\client_generic\msvc\releasex64\textureflatdx.obj
c:\users\jack\documents\github\client\client_generic\msvc\releasex64\shader.obj
c:\users\jack\documents\github\client\client_generic\msvc\releasex64\download.obj
c:\users\jack\documents\github\client\client_generic\msvc\releasex64\sheepdownloader.obj
c:\users\jack\documents\github\client\client_generic\msvc\releasex64\player.obj
c:\users\jack\documents\github\client\client_generic\msvc\releasex64\rect.obj
c:\users\jack\documents\github\client\client_generic\msvc\releasex64\log.obj
c:\users\jack\documents\github\client\client_generic\msvc\releasex64\fontdx.obj
c:\users\jack\documents\github\client\client_generic\msvc\releasex64\voting.obj
c:\users\jack\documents\github\client\client_generic\msvc\releasex64\networking.obj
c:\users\jack\documents\github\client\client_generic\msvc\releasex64\dream.obj
c:\users\jack\documents\github\client\client_generic\msvc\releasex64\hud.obj
c:\users\jack\documents\github\client\client_generic\msvc\releasex64\msvc_fix.obj
c:\users\jack\documents\github\client\client_generic\msvc\releasex64\platformutils_win.obj
c:\users\jack\documents\github\client\client_generic\msvc\releasex64\loaddds.obj
c:\users\jack\documents\github\client\client_generic\msvc\releasex64\upload.obj
c:\users\jack\documents\github\client\client_generic\msvc\releasex64\microsoft\stl\std.compat.ixx.ifc
c:\users\jack\documents\github\client\client_generic\msvc\releasex64\microsoft\stl\std.compat.ixx.ifc.d.json
c:\users\jack\documents\github\client\client_generic\msvc\releasex64\microsoft\stl\std.compat.ixx.obj
c:\users\jack\documents\github\client\client_generic\msvc\releasex64\microsoft\stl\std.ixx.ifc
c:\users\jack\documents\github\client\client_generic\msvc\releasex64\microsoft\stl\std.ixx.ifc.d.json
c:\users\jack\documents\github\client\client_generic\msvc\releasex64\microsoft\stl\std.ixx.obj
c:\users\jack\documents\github\client\client_generic\msvc\releasex64\sheepicon.res
c:\users\jack\documents\github\client\client_generic\msvc\releasex64\microsoft\stl\std.compat.ixx.module.json
c:\users\jack\documents\github\client\client_generic\msvc\releasex64\microsoft\stl\std.ixx.module.json
c:\users\jack\documents\github\client\client_generic\msvc\releasex64\e-dream.tlog\cl.command.1.tlog
c:\users\jack\documents\github\client\client_generic\msvc\releasex64\e-dream.tlog\cl.read.1.tlog
c:\users\jack\documents\github\client\client_generic\msvc\releasex64\e-dream.tlog\cl.write.1.tlog
c:\users\jack\documents\github\client\client_generic\msvc\releasex64\e-dream.tlog\link.command.1.tlog
c:\users\jack\documents\github\client\client_generic\msvc\releasex64\e-dream.tlog\link.read.1.tlog
c:\users\jack\documents\github\client\client_generic\msvc\releasex64\e-dream.tlog\link.write.1.tlog
c:\users\jack\documents\github\client\client_generic\msvc\releasex64\e-dream.tlog\rc.command.1.tlog
c:\users\jack\documents\github\client\client_generic\msvc\releasex64\e-dream.tlog\rc.read.1.tlog
c:\users\jack\documents\github\client\client_generic\msvc\releasex64\e-dream.tlog\rc.write.1.tlog
c:\users\jack\documents\github\client\client_generic\msvc\releasex64\e-dream_md.tlog\cl.command.1.tlog
c:\users\jack\documents\github\client\client_generic\msvc\releasex64\e-dream_md.tlog\microsoft.build.cpptasks.cl.read.1.tlog
c:\users\jack\documents\github\client\client_generic\msvc\releasex64\e-dream_md.tlog\microsoft.build.cpptasks.cl.write.1.tlog
