c:\esmsvc\client_generic\msvc\debug\vc142.pdb
c:\esmsvc\client_generic\msvc\debug\vc142.idb
c:\esmsvc\client_generic\msvc\debug\displayoutput.obj
c:\esmsvc\client_generic\msvc\debug\image.obj
c:\esmsvc\client_generic\msvc\debug\loaddds.obj
c:\esmsvc\client_generic\msvc\debug\loadpng.obj
c:\esmsvc\client_generic\msvc\debug\displaydx.obj
c:\esmsvc\client_generic\msvc\debug\fontdx.obj
c:\esmsvc\client_generic\msvc\debug\rendererdx.obj
c:\esmsvc\client_generic\msvc\debug\shaderdx.obj
c:\esmsvc\client_generic\msvc\debug\textureflatdx.obj
c:\esmsvc\client_generic\msvc\debug\font.obj
c:\esmsvc\client_generic\msvc\debug\renderer.obj
c:\esmsvc\client_generic\msvc\debug\shader.obj
c:\esmsvc\client_generic\msvc\debug\texture.obj
c:\esmsvc\client_generic\msvc\debug\textureflat.obj
c:\esmsvc\client_generic\msvc\debug\download.obj
c:\esmsvc\client_generic\msvc\debug\networking.obj
c:\esmsvc\client_generic\msvc\debug\upload.obj
c:\esmsvc\client_generic\msvc\debug\diriterator.obj
c:\esmsvc\client_generic\msvc\debug\luastorage.obj
c:\esmsvc\client_generic\msvc\debug\storage.obj
c:\esmsvc\client_generic\msvc\debug\shepherd.obj
c:\esmsvc\client_generic\msvc\debug\rect.obj
c:\esmsvc\client_generic\msvc\debug\alignedbuffer.obj
c:\esmsvc\client_generic\msvc\debug\common.obj
c:\esmsvc\client_generic\msvc\debug\exception.obj
c:\esmsvc\client_generic\msvc\debug\log.obj
c:\esmsvc\client_generic\msvc\debug\luastate.obj
c:\esmsvc\client_generic\msvc\debug\luaxml.obj
c:\esmsvc\client_generic\msvc\debug\pool.obj
c:\esmsvc\client_generic\msvc\debug\isaac.obj
c:\esmsvc\client_generic\msvc\debug\hud.obj
c:\esmsvc\client_generic\msvc\debug\backbufdd.obj
c:\esmsvc\client_generic\msvc\debug\displaydd.obj
c:\esmsvc\client_generic\msvc\debug\msvc_fix.obj
c:\esmsvc\client_generic\msvc\debug\rendererdd.obj
c:\esmsvc\client_generic\msvc\debug\textureflatdd.obj
c:\esmsvc\client_generic\msvc\debug\contentdownloader.obj
c:\esmsvc\client_generic\msvc\debug\sheep.obj
c:\esmsvc\client_generic\msvc\debug\sheepdownloader.obj
c:\esmsvc\client_generic\msvc\debug\sheepgenerator.obj
c:\esmsvc\client_generic\msvc\debug\sheepuploader.obj
c:\esmsvc\client_generic\msvc\debug\es.tlog\cl.command.1.tlog
c:\esmsvc\client_generic\msvc\debug\es.tlog\cl.read.1.tlog
c:\esmsvc\client_generic\msvc\debug\es.tlog\cl.write.1.tlog
